Arguments: 
  D:\node\node.exe C:\Users\Admin\AppData\Roaming\npm\node_modules\yarn\bin\yarn.js install

PATH: 
  F:\exemplify-code\tools-dev\node_modules\.bin;D:\Xftp\;C:\Program Files (x86)\Common Files\Oracle\Java\javapath;C:\Windows\system32;C:\Windows;C:\Windows\System32\Wbem;C:\Windows\System32\WindowsPowerShell\v1.0\;C:\Windows\System32\OpenSSH\;D:\Git\Git\cmd;C:\Program Files (x86)\NVIDIA Corporation\PhysX\Common;C:\Program Files\NVIDIA Corporation\NVIDIA NvDLISR;D:\小乌龟\bin;D:\node\node_modules\npm;D:\npm;D:\Gradle\gradle-5.4.1\bin;C:\Gradle\bin;D:\yarn\bin\;C:\Program Files\dotnet\;D:\Python 2.7.15\;D:\AndroidSDKManager\platform-tools;D:\AndroidSDKManager\tools;D:\node\;D:\JAVA-jdk-8.0\bin;;D:\PyCharm\PyCharm 2018.3.5\bin;;D:\VsCode\Microsoft VS Code\bin;D:\npm\bin;C:\Users\Admin\AppData\Local\Yarn\bin;D:\webStorm\WebStorm 2019.3.2\bin;;D:\SDKTools\platform-tools;D:\SDKTools\tools;D:\JavaIDEA\IntelliJ IDEA 2019.3.1\bin;;C:\Users\Admin\AppData\Roaming\npm

Yarn version: 
  1.16.0

Node version: 
  12.16.2

Platform: 
  win32 x64

Trace: 
  Error: ENOENT: no such file or directory, copyfile 'D:\npm\bin\v4\npm-ms-2.1.2-d09d1f357b443f493382a8eb3ccd183872ae6009\node_modules\ms\index.js' -> 'F:\exemplify-code\tools-dev\node_modules\@babel\core\node_modules\ms\index.js'

npm manifest: 
  {
    "name": "com.tools",
    "version": "1.0.0",
    "description": "",
    "main": "index.js",
    "scripts": {
      "build": "webpack --mode production --progress --display-modules --colors --display-reasons",
      "start": "webpack-dev-server --mode=development --contentBase=./dist"
    },
    "author": "",
    "license": "ISC",
    "devDependencies": {
      "@babel/core": "^7.9.6",
      "@babel/runtime": "^7.9.6",
      "qs": "^6.7.0",
      "axios": "^0.19.2",
      "babel-cli": "^6.26.0",
      "babel-core": "^6.26.3",
      "babel-loader": "^7.1.2",
      "babel-plugin-transform-runtime": "^6.23.0",
      "babel-preset-es2015": "^6.24.1",
      "babel-preset-stage-2": "^6.24.1",
      "echarts": "^4.7.0",
      "pbjs": "^0.0.5",
      "protobufjs": "6.8.7",
      "socket.io-client": "2.2.0",
      "webpack": "^4.43.0",
      "webpack-cli": "^3.3.11",
      "@holytiny/wxmp-socket.io-client": "^1.1.2"
    },
    "dependencies": {
      "copy-webpack-plugin": "^6.0.1",
      "html-webpack-plugin": "^3.2.0",
      "webpack-dev-server": "3.9.0"
    }
  }

yarn manifest: 
  No manifest

Lockfile: 
  No lockfile
